16:33:47 **** Build of configuration Release for project RasPi ****
make all 
Building file: ../main.c
Invoking: AVR Compiler
avr-gcc -Wall -Os -fpack-struct -fshort-enums -ffunction-sections -fdata-sections -std=gnu99 -funsigned-char -funsigned-bitfields -mmcu=atmega328p -DF_CPU=2000000UL -MMD -MP -MF"main.d" -MT"main.o" -c -o "main.o" "../main.c"
../main.c:18:6: warning: return type of ‘main’ is not ‘int’ [-Wmain]
 void main(){
      ^
Finished building: ../main.c
 
Building target: RasPi.elf
Invoking: AVR C Linker
avr-gcc -Wl,-Map,RasPi.map -mmcu=atmega328p -o "RasPi.elf"  ./main.o   
Finished building target: RasPi.elf
 
Invoking: AVR Create Extended Listing
avr-objdump -h -S RasPi.elf  >"RasPi.lss"
Finished building: RasPi.lss
 
Create Flash image (ihex format)
avr-objcopy -R .eeprom -R .fuse -R .lock -R .signature -O ihex RasPi.elf  "RasPi.hex"
Finished building: RasPi.hex
 
Create eeprom image (ihex format)
avr-objcopy -j .eeprom --no-change-warnings --change-section-lma .eeprom=0 -O ihex RasPi.elf  "RasPi.eep"
Finished building: RasPi.eep
 
Invoking: Print Size
avr-size --format=avr --mcu=atmega328p RasPi.elf
AVR Memory Usage
----------------
Device: atmega328p

Program:     140 bytes (0.4% Full)
(.text + .data + .bootloader)

Data:          0 bytes (0.0% Full)
(.data + .bss + .noinit)


Finished building: sizedummy
 
Invoking: AVRDude
/usr/bin/avrdude -pm328p -cusbtiny -Uflash:w:RasPi.hex:a

avrdude: initialization failed, rc=-1
         Double check connections and try again, or use -F to override
         this check.


avrdude done.  Thank you.

makefile:84: recipe for target 'avrdudedummy' failed
make: *** [avrdudedummy] Error 1

16:33:47 Build Finished (took 416ms)

